<?xml version="1.0" encoding="UTF-8"?>
<testng-results skipped="0" failed="0" ignored="0" total="0" passed="0">
  <reporter-output>
  </reporter-output>
  <suite name="Selenium.SignInSignOut.LoginTest" duration-ms="6" started-at="2020-12-26T12:05:34 IST" finished-at="2020-12-26T12:05:34 IST">
    <groups>
    </groups>
    <test name="Command line test" duration-ms="6" started-at="2020-12-26T12:05:34 IST" finished-at="2020-12-26T12:05:34 IST">
    </test> <!-- Command line test -->
  </suite> <!-- Selenium.SignInSignOut.LoginTest -->
</testng-results>
